2018-05-21 22:41:40.114  INFO 10824 --- [restartedMain] c.b.g.GalaxyMessageApplication           : Starting GalaxyMessageApplication on yangyao with PID 10824 (E:\intellijWorkSpace\machine-message\target\classes started by lenovo in E:\intellijWorkSpace\machine-message)
2018-05-21 22:41:40.114  INFO 10824 --- [restartedMain] c.b.g.GalaxyMessageApplication           : No active profile set, falling back to default profiles: default
2018-05-21 22:41:40.146  INFO 10824 --- [restartedMain] ConfigServletWebServerApplicationContext : Refreshing org.springframework.boot.web.servlet.context.AnnotationConfigServletWebServerApplicationContext@741e6e8f: startup date [Mon May 21 22:41:40 CST 2018]; root of context hierarchy
2018-05-21 22:41:40.755  INFO 10824 --- [restartedMain] o.s.i.config.IntegrationRegistrar        : No bean named 'integrationHeaderChannelRegistry' has been explicitly defined. Therefore, a default DefaultHeaderChannelRegistry will be created.
2018-05-21 22:41:40.927  INFO 10824 --- [restartedMain] faultConfiguringBeanFactoryPostProcessor : No bean named 'errorChannel' has been explicitly defined. Therefore, a default PublishSubscribeChannel will be created.
2018-05-21 22:41:40.927  INFO 10824 --- [restartedMain] faultConfiguringBeanFactoryPostProcessor : No bean named 'taskScheduler' has been explicitly defined. Therefore, a default ThreadPoolTaskScheduler will be created.
2018-05-21 22:41:41.021  INFO 10824 --- [restartedMain] trationDelegate$BeanPostProcessorChecker : Bean 'org.springframework.integration.config.IntegrationManagementConfiguration' of type [org.springframework.integration.config.IntegrationManagementConfiguration$$EnhancerBySpringCGLIB$$656a0be0] is not eligible for getting processed by all BeanPostProcessors (for example: not eligible for auto-proxying)
2018-05-21 22:41:41.333  INFO 10824 --- [restartedMain] o.s.b.w.embedded.tomcat.TomcatWebServer  : Tomcat initialized with port(s): 8082 (http)
2018-05-21 22:41:41.365  INFO 10824 --- [restartedMain] o.apache.catalina.core.StandardService   : Starting service [Tomcat]
2018-05-21 22:41:41.365  INFO 10824 --- [restartedMain] org.apache.catalina.core.StandardEngine  : Starting Servlet Engine: Apache Tomcat/8.5.31
2018-05-21 22:41:41.365  INFO 10824 --- [localhost-startStop-1] o.a.catalina.core.AprLifecycleListener   : The APR based Apache Tomcat Native library which allows optimal performance in production environments was not found on the java.library.path: [C:\Program Files\Java\jdk1.8.0_131\bin;C:\WINDOWS\Sun\Java\bin;C:\WINDOWS\system32;C:\WINDOWS;C:\Program Files\Microsoft MPI\Bin\;C:\Program Files\MySQL\MySQL Server 5.7\bin;C:\Program Files\Java\jdk1.8.0_131\bin;C:\Program Files\Java\jdk1.8.0_131\jre\bin;C:\Program Files (x86)\Common Files\NetSarang;C:\Windows\system32;C:\Windows;C:\Windows\System32\Wbem;C:\Windows\System32\WindowsPowerShell\v1.0\;D:\nodejs\;C:\Program Files (x86)\NVIDIA Corporation\PhysX\Common;D:\tortoiseSVN\bin;C:\Program Files\dotnet\;C:\WINDOWS\system32;C:\WINDOWS;C:\WINDOWS\System32\Wbem;C:\WINDOWS\System32\WindowsPowerShell\v1.0\;D:\AndroidSdk\tools;D:\Git\cmd;D:\Python36-32\Scripts\;D:\Python36-32\;D:\python\Scripts\;D:\python\;C:\Users\lenovo\AppData\Local\Microsoft\WindowsApps;C:\Users\lenovo\AppData\Roaming\npm;;D:\Fiddler;.]
2018-05-21 22:41:41.427  INFO 10824 --- [localhost-startStop-1] o.a.c.c.C.[Tomcat].[localhost].[/]       : Initializing Spring embedded WebApplicationContext
2018-05-21 22:41:41.427  INFO 10824 --- [localhost-startStop-1] o.s.web.context.ContextLoader            : Root WebApplicationContext: initialization completed in 1281 ms
2018-05-21 22:41:41.521  INFO 10824 --- [localhost-startStop-1] o.s.b.w.servlet.ServletRegistrationBean  : Servlet dispatcherServlet mapped to [/]
2018-05-21 22:41:41.521  INFO 10824 --- [localhost-startStop-1] o.s.b.w.servlet.FilterRegistrationBean   : Mapping filter: 'characterEncodingFilter' to: [/*]
2018-05-21 22:41:41.521  INFO 10824 --- [localhost-startStop-1] o.s.b.w.servlet.FilterRegistrationBean   : Mapping filter: 'hiddenHttpMethodFilter' to: [/*]
2018-05-21 22:41:41.521  INFO 10824 --- [localhost-startStop-1] o.s.b.w.servlet.FilterRegistrationBean   : Mapping filter: 'httpPutFormContentFilter' to: [/*]
2018-05-21 22:41:41.521  INFO 10824 --- [localhost-startStop-1] o.s.b.w.servlet.FilterRegistrationBean   : Mapping filter: 'requestContextFilter' to: [/*]
2018-05-21 22:41:41.708  INFO 10824 --- [restartedMain] o.s.s.c.ThreadPoolTaskScheduler          : Initializing ExecutorService  'taskScheduler'
2018-05-21 22:41:41.787  INFO 10824 --- [restartedMain] o.s.w.s.handler.SimpleUrlHandlerMapping  : Mapped URL path [/**/favicon.ico] onto handler of type [class org.springframework.web.servlet.resource.ResourceHttpRequestHandler]
2018-05-21 22:41:42.005  INFO 10824 --- [restartedMain] s.w.s.m.m.a.RequestMappingHandlerAdapter : Looking for @ControllerAdvice: org.springframework.boot.web.servlet.context.AnnotationConfigServletWebServerApplicationContext@741e6e8f: startup date [Mon May 21 22:41:40 CST 2018]; root of context hierarchy
2018-05-21 22:41:42.037  INFO 10824 --- [restartedMain] s.w.s.m.m.a.RequestMappingHandlerMapping : Mapped "{[/logs]}" onto public java.lang.String com.bjfl.galaxymessage.controllers.HelloController.logs(java.util.Date,java.util.Date)
2018-05-21 22:41:42.037  INFO 10824 --- [restartedMain] s.w.s.m.m.a.RequestMappingHandlerMapping : Mapped "{[/]}" onto public java.lang.String com.bjfl.galaxymessage.controllers.HelloController.hello()
2018-05-21 22:41:42.037  INFO 10824 --- [restartedMain] s.w.s.m.m.a.RequestMappingHandlerMapping : Mapped "{[/reset]}" onto public com.bjfl.galaxymessage.util.Response com.bjfl.galaxymessage.controllers.TestController.reset(java.lang.String,int,int)
2018-05-21 22:41:42.037  INFO 10824 --- [restartedMain] s.w.s.m.m.a.RequestMappingHandlerMapping : Mapped "{[/shipmentLog]}" onto public com.bjfl.galaxymessage.util.Response com.bjfl.galaxymessage.controllers.TestController.shipmentLog(java.lang.String,int,java.lang.String,java.lang.Integer)
2018-05-21 22:41:42.037  INFO 10824 --- [restartedMain] s.w.s.m.m.a.RequestMappingHandlerMapping : Mapped "{[/shipmentResult]}" onto public com.bjfl.galaxymessage.util.Response com.bjfl.galaxymessage.controllers.TestController.shipmentResult(java.lang.String,int,int)
2018-05-21 22:41:42.037  INFO 10824 --- [restartedMain] s.w.s.m.m.a.RequestMappingHandlerMapping : Mapped "{[/cellStatus]}" onto public com.bjfl.galaxymessage.util.Response com.bjfl.galaxymessage.controllers.TestController.cellStatus(java.lang.String,int,int)
2018-05-21 22:41:42.037  INFO 10824 --- [restartedMain] s.w.s.m.m.a.RequestMappingHandlerMapping : Mapped "{[/shipment]}" onto public com.bjfl.galaxymessage.util.Response com.bjfl.galaxymessage.controllers.TestController.shipment(java.lang.String,int,java.lang.String,int,int,int)
2018-05-21 22:41:42.037  INFO 10824 --- [restartedMain] s.w.s.m.m.a.RequestMappingHandlerMapping : Mapped "{[/error]}" onto public org.springframework.http.ResponseEntity<java.util.Map<java.lang.String, java.lang.Object>> org.springframework.boot.autoconfigure.web.servlet.error.BasicErrorController.error(javax.servlet.http.HttpServletRequest)
2018-05-21 22:41:42.037  INFO 10824 --- [restartedMain] s.w.s.m.m.a.RequestMappingHandlerMapping : Mapped "{[/error],produces=[text/html]}" onto public org.springframework.web.servlet.ModelAndView org.springframework.boot.autoconfigure.web.servlet.error.BasicErrorController.errorHtml(javax.servlet.http.HttpServletRequest,javax.servlet.http.HttpServletResponse)
2018-05-21 22:41:42.068  INFO 10824 --- [restartedMain] o.s.w.s.handler.SimpleUrlHandlerMapping  : Mapped URL path [/webjars/**] onto handler of type [class org.springframework.web.servlet.resource.ResourceHttpRequestHandler]
2018-05-21 22:41:42.068  INFO 10824 --- [restartedMain] o.s.w.s.handler.SimpleUrlHandlerMapping  : Mapped URL path [/**] onto handler of type [class org.springframework.web.servlet.resource.ResourceHttpRequestHandler]
2018-05-21 22:41:42.130  INFO 10824 --- [restartedMain] o.s.b.a.w.s.WelcomePageHandlerMapping    : Adding welcome page template: index
2018-05-21 22:41:42.287  INFO 10824 --- [restartedMain] o.s.b.d.a.OptionalLiveReloadServer       : LiveReload server is running on port 35729
2018-05-21 22:41:42.349  INFO 10824 --- [restartedMain] o.s.j.e.a.AnnotationMBeanExporter        : Registering beans for JMX exposure on startup
2018-05-21 22:41:42.349  INFO 10824 --- [restartedMain] o.s.j.e.a.AnnotationMBeanExporter        : Bean with name 'inbound' has been autodetected for JMX exposure
2018-05-21 22:41:42.349  INFO 10824 --- [restartedMain] o.s.j.e.a.AnnotationMBeanExporter        : Bean with name 'cellStatusInBound' has been autodetected for JMX exposure
2018-05-21 22:41:42.365  INFO 10824 --- [restartedMain] o.s.j.e.a.AnnotationMBeanExporter        : Bean with name 'shipmentInBound' has been autodetected for JMX exposure
2018-05-21 22:41:42.365  INFO 10824 --- [restartedMain] o.s.j.e.a.AnnotationMBeanExporter        : Bean with name 'shipmentResultInBound' has been autodetected for JMX exposure
2018-05-21 22:41:42.365  INFO 10824 --- [restartedMain] o.s.j.e.a.AnnotationMBeanExporter        : Located managed bean 'shipmentInBound': registering with JMX server as MBean [org.springframework.integration.mqtt.inbound:name=shipmentInBound,type=MqttPahoMessageDrivenChannelAdapter]
2018-05-21 22:41:42.380  INFO 10824 --- [restartedMain] o.s.j.e.a.AnnotationMBeanExporter        : Located managed bean 'shipmentResultInBound': registering with JMX server as MBean [org.springframework.integration.mqtt.inbound:name=shipmentResultInBound,type=MqttPahoMessageDrivenChannelAdapter]
2018-05-21 22:41:42.396  INFO 10824 --- [restartedMain] o.s.j.e.a.AnnotationMBeanExporter        : Located managed bean 'inbound': registering with JMX server as MBean [org.springframework.integration.mqtt.inbound:name=inbound,type=MqttPahoMessageDrivenChannelAdapter]
2018-05-21 22:41:42.396  INFO 10824 --- [restartedMain] o.s.j.e.a.AnnotationMBeanExporter        : Located managed bean 'cellStatusInBound': registering with JMX server as MBean [org.springframework.integration.mqtt.inbound:name=cellStatusInBound,type=MqttPahoMessageDrivenChannelAdapter]
2018-05-21 22:41:42.396  INFO 10824 --- [restartedMain] o.s.c.support.DefaultLifecycleProcessor  : Starting beans in phase -2147483648
2018-05-21 22:41:42.396  INFO 10824 --- [restartedMain] o.s.i.endpoint.EventDrivenConsumer       : Adding {message-handler:mqttReceiver.handler.serviceActivator} as a subscriber to the 'mqttInputChannel' channel
2018-05-21 22:41:42.396  INFO 10824 --- [restartedMain] o.s.integration.channel.DirectChannel    : Channel 'log4j2.mqttInputChannel' has 1 subscriber(s).
2018-05-21 22:41:42.396  INFO 10824 --- [restartedMain] o.s.i.endpoint.EventDrivenConsumer       : started mqttReceiver.handler.serviceActivator
2018-05-21 22:41:42.396  INFO 10824 --- [restartedMain] o.s.i.endpoint.EventDrivenConsumer       : Adding {message-handler:mqttReceiver.shipmentHandler.serviceActivator} as a subscriber to the 'shipmentInputChannel' channel
2018-05-21 22:41:42.396  INFO 10824 --- [restartedMain] o.s.integration.channel.DirectChannel    : Channel 'log4j2.shipmentInputChannel' has 1 subscriber(s).
2018-05-21 22:41:42.396  INFO 10824 --- [restartedMain] o.s.i.endpoint.EventDrivenConsumer       : started mqttReceiver.shipmentHandler.serviceActivator
2018-05-21 22:41:42.396  INFO 10824 --- [restartedMain] o.s.i.endpoint.EventDrivenConsumer       : Adding {message-handler:mqttReceiver.shipmentResultHandler.serviceActivator} as a subscriber to the 'shipmentResultInputChannel' channel
2018-05-21 22:41:42.396  INFO 10824 --- [restartedMain] o.s.integration.channel.DirectChannel    : Channel 'log4j2.shipmentResultInputChannel' has 1 subscriber(s).
2018-05-21 22:41:42.396  INFO 10824 --- [restartedMain] o.s.i.endpoint.EventDrivenConsumer       : started mqttReceiver.shipmentResultHandler.serviceActivator
2018-05-21 22:41:42.396  INFO 10824 --- [restartedMain] o.s.i.endpoint.EventDrivenConsumer       : Adding {message-handler:mqttReceiver.cellStatusHandler.serviceActivator} as a subscriber to the 'cellStatusInputChannel' channel
2018-05-21 22:41:42.396  INFO 10824 --- [restartedMain] o.s.integration.channel.DirectChannel    : Channel 'log4j2.cellStatusInputChannel' has 1 subscriber(s).
2018-05-21 22:41:42.396  INFO 10824 --- [restartedMain] o.s.i.endpoint.EventDrivenConsumer       : started mqttReceiver.cellStatusHandler.serviceActivator
2018-05-21 22:41:42.396  INFO 10824 --- [restartedMain] o.s.c.support.DefaultLifecycleProcessor  : Starting beans in phase 0
2018-05-21 22:41:42.412  INFO 10824 --- [restartedMain] o.s.i.endpoint.EventDrivenConsumer       : Adding {logging-channel-adapter:_org.springframework.integration.errorLogger} as a subscriber to the 'errorChannel' channel
2018-05-21 22:41:42.412  INFO 10824 --- [restartedMain] o.s.i.channel.PublishSubscribeChannel    : Channel 'log4j2.errorChannel' has 1 subscriber(s).
2018-05-21 22:41:42.412  INFO 10824 --- [restartedMain] o.s.i.endpoint.EventDrivenConsumer       : started _org.springframework.integration.errorLogger
2018-05-21 22:41:42.412  INFO 10824 --- [restartedMain] o.s.c.support.DefaultLifecycleProcessor  : Starting beans in phase 1073741823
2018-05-21 22:41:42.428  INFO 10824 --- [restartedMain] .m.i.MqttPahoMessageDrivenChannelAdapter : started inbound
2018-05-21 22:41:42.459  INFO 10824 --- [restartedMain] .m.i.MqttPahoMessageDrivenChannelAdapter : started cellStatusInBound
2018-05-21 22:41:42.474  INFO 10824 --- [restartedMain] .m.i.MqttPahoMessageDrivenChannelAdapter : started shipmentInBound
2018-05-21 22:41:42.505  INFO 10824 --- [restartedMain] .m.i.MqttPahoMessageDrivenChannelAdapter : started shipmentResultInBound
2018-05-21 22:41:42.552  INFO 10824 --- [restartedMain] o.s.b.w.embedded.tomcat.TomcatWebServer  : Tomcat started on port(s): 8082 (http) with context path ''
2018-05-21 22:41:42.552  INFO 10824 --- [restartedMain] c.b.g.GalaxyMessageApplication           : Started GalaxyMessageApplication in 2.719 seconds (JVM running for 3.416)
2018-05-21 22:41:51.956  INFO 10824 --- [http-nio-8082-exec-1] o.a.c.c.C.[Tomcat].[localhost].[/]       : Initializing Spring FrameworkServlet 'dispatcherServlet'
2018-05-21 22:41:51.956  INFO 10824 --- [http-nio-8082-exec-1] o.s.web.servlet.DispatcherServlet        : FrameworkServlet 'dispatcherServlet': initialization started
2018-05-21 22:41:51.972  INFO 10824 --- [http-nio-8082-exec-1] o.s.web.servlet.DispatcherServlet        : FrameworkServlet 'dispatcherServlet': initialization completed in 16 ms
